#
# A fatal error has been detected by the Java Runtime Environment:
#
#  EXCEPTION_ACCESS_VIOLATION (0xc0000005) at pc=0x0000000180007bed, pid=5536, tid=540
#
# JRE version: Java(TM) SE Runtime Environment (8.0_73-b02) (build 1.8.0_73-b02)
# Java VM: Java HotSpot(TM) 64-Bit Server VM (25.73-b02 mixed mode windows-amd64 compressed oops)
# Problematic frame:
# C  [UKHook40.dll+0x7bed]
#
# Failed to write core dump. Minidumps are not enabled by default on client versions of Windows
#
# If you would like to submit a bug report, please visit:
#   http://bugreport.java.com/bugreport/crash.jsp
#

---------------  T H R E A D  ---------------

Current thread (0x0000000054de9800):  VMThread [stack: 0x0000000055ea0000,0x0000000055fa0000] [id=540]

siginfo: ExceptionCode=0xc0000005, reading address 0x0000000000000036

Registers:
RAX=0x2510000000005c4c, RBX=0x00000001800352c0, RCX=0x0000000000000036, RDX=0x0000000000000000
RSP=0x0000000055f9f0e0, RBP=0x0000000054cd5500, RSI=0x00000000589f4e70, RDI=0x0000000180049c20
R8 =0x0000000055f9f0d8, R9 =0x0000000054cd5500, R10=0x0000000000000000, R11=0x0000000000000286
R12=0x0000000000000001, R13=0x00000000589f4ed0, R14=0x00000000589f4e70, R15=0x0000000000000000
RIP=0x0000000180007bed, EFLAGS=0x0000000000010206

Top of Stack: (sp=0x0000000055f9f0e0)
0x0000000055f9f0e0:   00000000003f0000 0000000000000001
0x0000000055f9f0f0:   0000000000000000 0000000000000000
0x0000000055f9f100:   fffffffffffffffe 0000000000000000
0x0000000055f9f110:   00000000589f4ec0 0000000180022b0e
0x0000000055f9f120:   0000000180049c20 00000001800352c0
0x0000000055f9f130:   00000000589f4e70 0000000054dea180
0x0000000055f9f140:   00000000589f4ec0 00000000589f4e70
0x0000000055f9f150:   00000000589f4e70 00000000589f4ed0
0x0000000055f9f160:   00000000779b3670 00000000779b8be0
0x0000000055f9f170:   000007fffffae000 0000000180000000
0x0000000055f9f180:   0000000000000001 000000018001b284
0x0000000055f9f190:   0000000000000001 0000000000000001
0x0000000055f9f1a0:   00008f2900000001 0000000000000000
0x0000000055f9f1b0:   0000000000000000 000000018001b3de
0x0000000055f9f1c0:   0000000180000000 0000000000000000
0x0000000055f9f1d0:   0000000000000001 0000000000000006 

Instructions: (pc=0x0000000180007bed)
0x0000000180007bcd:   48 8b f9 48 8b 49 50 48 85 c9 74 0b 48 8b 01 ba
0x0000000180007bdd:   01 00 00 00 ff 50 28 48 8b 4f 60 48 85 c9 74 0b
0x0000000180007bed:   48 8b 01 ba 01 00 00 00 ff 50 28 48 8b 4f 68 48
0x0000000180007bfd:   85 c9 74 0b 48 8b 01 ba 01 00 00 00 ff 50 28 48 


Register to memory mapping:

RAX=0x2510000000005c4c is an unknown value
RBX=0x00000001800352c0 is an unknown value
RCX=0x0000000000000036 is an unknown value
RDX=0x0000000000000000 is an unknown value
RSP=0x0000000055f9f0e0 is an unknown value
RBP=0x0000000054cd5500 is an unknown value
RSI=0x00000000589f4e70 is an unknown value
RDI=0x0000000180049c20 is an unknown value
R8 =0x0000000055f9f0d8 is an unknown value
R9 =0x0000000054cd5500 is an unknown value
R10=0x0000000000000000 is an unknown value
R11=0x0000000000000286 is an unknown value
R12=0x0000000000000001 is an unknown value
R13=0x00000000589f4ed0 is an unknown value
R14=0x00000000589f4e70 is an unknown value
R15=0x0000000000000000 is an unknown value


Stack: [0x0000000055ea0000,0x0000000055fa0000],  sp=0x0000000055f9f0e0,  free space=1020k
Native frames: (J=compiled Java code, j=interpreted, Vv=VM code, C=native code)
C  [UKHook40.dll+0x7bed]
C  [UKHook40.dll+0x22b0e]
C  [UKHook40.dll+0x1b284]
C  [UKHook40.dll+0x1b3de]
C  [ntdll.dll+0x23801]
C  [ntdll.dll+0x23610]
C  [msvcr100.dll+0x20ccd]
V  [jvm.dll+0x210bc5]
V  [jvm.dll+0x2498d7]
V  [jvm.dll+0x248b76]
V  [jvm.dll+0x249011]
V  [jvm.dll+0x24922e]
V  [jvm.dll+0x29a10a]
C  [msvcr100.dll+0x21d9f]
C  [msvcr100.dll+0x21e3b]
C  [kernel32.dll+0x1f56d]
C  [ntdll.dll+0x33281]

VM_Operation (0x0000000057a7cfc0): Exit, mode: safepoint, requested by thread 0x0000000056cdd800


---------------  P R O C E S S  ---------------

Java Threads: ( => current thread )
  0x0000000058a9f000 JavaThread "TimerQueue" daemon [_thread_blocked, id=2228, stack(0x0000000059380000,0x0000000059480000)]
  0x000000000037d800 JavaThread "DestroyJavaVM" [_thread_blocked, id=3904, stack(0x0000000002180000,0x0000000002280000)]
  0x0000000056cdd800 JavaThread "AWT-EventQueue-0" [_thread_blocked, id=1484, stack(0x0000000057980000,0x0000000057a80000)]
  0x0000000056c76000 JavaThread "AWT-Shutdown" [_thread_blocked, id=4476, stack(0x00000000571f0000,0x00000000572f0000)]
  0x0000000056c6d000 JavaThread "Java2D Disposer" daemon [_thread_blocked, id=5028, stack(0x0000000056ee0000,0x0000000056fe0000)]
  0x000000005697a800 JavaThread "Service Thread" daemon [_thread_blocked, id=544, stack(0x0000000056d80000,0x0000000056e80000)]
  0x0000000056977800 JavaThread "C1 CompilerThread2" daemon [_thread_blocked, id=4496, stack(0x00000000566c0000,0x00000000567c0000)]
  0x0000000054e5a800 JavaThread "C2 CompilerThread1" daemon [_thread_blocked, id=524, stack(0x0000000056820000,0x0000000056920000)]
  0x0000000054e54000 JavaThread "C2 CompilerThread0" daemon [_thread_blocked, id=4240, stack(0x00000000565a0000,0x00000000566a0000)]
  0x0000000054e51800 JavaThread "Attach Listener" daemon [_thread_blocked, id=4832, stack(0x00000000563e0000,0x00000000564e0000)]
  0x0000000054e4e800 JavaThread "Signal Dispatcher" daemon [_thread_blocked, id=536, stack(0x0000000056220000,0x0000000056320000)]
  0x0000000054df6800 JavaThread "Finalizer" daemon [_thread_blocked, id=5116, stack(0x00000000560f0000,0x00000000561f0000)]
  0x0000000054def800 JavaThread "Reference Handler" daemon [_thread_blocked, id=2096, stack(0x0000000055d80000,0x0000000055e80000)]

Other Threads:
=>0x0000000054de9800 VMThread [stack: 0x0000000055ea0000,0x0000000055fa0000] [id=540]

VM state:at safepoint (shutting down)

VM Mutex/Monitor currently owned by a thread:  ([mutex/lock_event])
[0x000000000037be80] Threads_lock - owner thread: 0x0000000054de9800

Heap:
 PSYoungGen      total 18944K, used 12065K [0x00000000eb400000, 0x00000000ec900000, 0x0000000100000000)
  eden space 16384K, 73% used [0x00000000eb400000,0x00000000ebfc8570,0x00000000ec400000)
  from space 2560K, 0% used [0x00000000ec680000,0x00000000ec680000,0x00000000ec900000)
  to   space 2560K, 0% used [0x00000000ec400000,0x00000000ec400000,0x00000000ec680000)
 ParOldGen       total 44032K, used 0K [0x00000000c1c00000, 0x00000000c4700000, 0x00000000eb400000)
  object space 44032K, 0% used [0x00000000c1c00000,0x00000000c1c00000,0x00000000c4700000)
 Metaspace       used 10322K, capacity 10516K, committed 10880K, reserved 1058816K
  class space    used 1259K, capacity 1322K, committed 1408K, reserved 1048576K

Card table byte_map: [0x0000000011910000,0x0000000011b10000] byte_map_base: 0x0000000011302000

Marking Bits: (ParMarkBitMap*) 0x0000000070ec0600
 Begin Bits: [0x0000000012340000, 0x00000000132d0000)
 End Bits:   [0x00000000132d0000, 0x0000000014260000)

Polling page: 0x0000000000320000

CodeCache: size=245760Kb used=4374Kb max_used=4387Kb free=241385Kb
 bounds [0x0000000002550000, 0x00000000029a0000, 0x0000000011550000]
 total_blobs=1622 nmethods=1158 adapters=377
 compilation: enabled

Compilation events (10 events):
Event: 195.959 Thread 0x0000000056977800 1166       3       java.util.IdentityHashMap::get (60 bytes)
Event: 195.960 Thread 0x0000000056977800 nmethod 1166 0x000000000298e150 code [0x000000000298e300, 0x000000000298e7a8]
Event: 196.170 Thread 0x0000000056977800 1167       3       java.util.WeakHashMap::getTable (9 bytes)
Event: 196.171 Thread 0x0000000056977800 nmethod 1167 0x000000000298dd90 code [0x000000000298df00, 0x000000000298e0a8]
Event: 196.171 Thread 0x0000000056977800 1168   !   3       java.util.WeakHashMap::expungeStaleEntries (139 bytes)
Event: 196.173 Thread 0x0000000056977800 nmethod 1168 0x000000000298cad0 code [0x000000000298cca0, 0x000000000298d768]
Event: 196.311 Thread 0x0000000056977800 1169       3       java.util.WeakHashMap::maskNull (12 bytes)
Event: 196.311 Thread 0x0000000056977800 nmethod 1169 0x000000000298c790 code [0x000000000298c8e0, 0x000000000298ca70]
Event: 196.311 Thread 0x0000000056977800 1170       3       java.util.WeakHashMap::hash (28 bytes)
Event: 196.312 Thread 0x0000000056977800 nmethod 1170 0x000000000298c310 code [0x000000000298c480, 0x000000000298c6c8]

GC Heap History (0 events):
No events

Deoptimization events (10 events):
Event: 1.131 Thread 0x000000000037d800 Uncommon trap: reason=null_check action=make_not_entrant pc=0x00000000026c3868 method=java.lang.String.equals(Ljava/lang/Object;)Z @ 8
Event: 190.148 Thread 0x0000000056cdd800 Uncommon trap: reason=class_check action=maybe_recompile pc=0x0000000002948d0c method=java.awt.EventQueue.coalesceEvent(Ljava/awt/AWTEvent;I)Z @ 32
Event: 190.195 Thread 0x0000000056cdd800 Uncommon trap: reason=class_check action=maybe_recompile pc=0x0000000002948d0c method=java.awt.EventQueue.coalesceEvent(Ljava/awt/AWTEvent;I)Z @ 32
Event: 190.196 Thread 0x0000000056cdd800 Uncommon trap: reason=unstable_if action=reinterpret pc=0x0000000002916e40 method=java.util.IdentityHashMap.isEmpty()Z @ 4
Event: 190.202 Thread 0x0000000056cdd800 Uncommon trap: reason=unstable_if action=reinterpret pc=0x00000000028e83e0 method=java.util.IdentityHashMap.get(Ljava/lang/Object;)Ljava/lang/Object; @ 43
Event: 193.728 Thread 0x0000000056cdd800 Uncommon trap: reason=class_check action=maybe_recompile pc=0x0000000002948d0c method=java.awt.EventQueue.coalesceEvent(Ljava/awt/AWTEvent;I)Z @ 32
Event: 193.735 Thread 0x0000000056cdd800 Uncommon trap: reason=class_check action=maybe_recompile pc=0x0000000002948d0c method=java.awt.EventQueue.coalesceEvent(Ljava/awt/AWTEvent;I)Z @ 32
Event: 195.618 Thread 0x0000000056cdd800 Uncommon trap: reason=class_check action=maybe_recompile pc=0x00000000026dd7d8 method=java.lang.String.equals(Ljava/lang/Object;)Z @ 8
Event: 195.618 Thread 0x0000000056cdd800 Uncommon trap: reason=class_check action=maybe_recompile pc=0x00000000026dd7d8 method=java.lang.String.equals(Ljava/lang/Object;)Z @ 8
Event: 195.618 Thread 0x0000000056cdd800 Uncommon trap: reason=class_check action=maybe_recompile pc=0x00000000026dd7d8 method=java.lang.String.equals(Ljava/lang/Object;)Z @ 8

Internal exceptions (10 events):
Event: 0.184 Thread 0x000000000037d800 Exception <a 'java/lang/NoSuchMethodError': Method sun.misc.Unsafe.prefetchRead(Ljava/lang/Object;J)V name or signature does not match> (0x00000000eb40d7e0) thrown at [D:\re\puppet\workspace\8-2-build-windows-amd64-cygwin\jdk8u73\6086\hotspot\src\share\vm\”„ô.À‹?
Event: 0.450 Thread 0x000000000037d800 Exception <a 'java/security/PrivilegedActionException'> (0x00000000eb483118) thrown at [D:\re\puppet\workspace\8-2-build-windows-amd64-cygwin\jdk8u73\6086\hotspot\src\share\vm\prims\jvm.cpp, line 1386]
Event: 0.450 Thread 0x000000000037d800 Exception <a 'java/security/PrivilegedActionException'> (0x00000000eb483328) thrown at [D:\re\puppet\workspace\8-2-build-windows-amd64-cygwin\jdk8u73\6086\hotspot\src\share\vm\prims\jvm.cpp, line 1386]
Event: 0.460 Thread 0x000000000037d800 Exception <a 'java/security/PrivilegedActionException'> (0x00000000eb486ed0) thrown at [D:\re\puppet\workspace\8-2-build-windows-amd64-cygwin\jdk8u73\6086\hotspot\src\share\vm\prims\jvm.cpp, line 1386]
Event: 0.460 Thread 0x000000000037d800 Exception <a 'java/security/PrivilegedActionException'> (0x00000000eb4870e0) thrown at [D:\re\puppet\workspace\8-2-build-windows-amd64-cygwin\jdk8u73\6086\hotspot\src\share\vm\prims\jvm.cpp, line 1386]
Event: 0.472 Thread 0x000000000037d800 Exception <a 'java/io/FileNotFoundException'> (0x00000000eb4895a8) thrown at [D:\re\puppet\workspace\8-2-build-windows-amd64-cygwin\jdk8u73\6086\hotspot\src\share\vm\prims\jni.cpp, line 709]
Event: 0.827 Thread 0x000000000037d800 Exception <a 'java/lang/NoSuchFieldError': method resolution failed> (0x00000000eb5a8ef8) thrown at [D:\re\puppet\workspace\8-2-build-windows-amd64-cygwin\jdk8u73\6086\hotspot\src\share\vm\prims\methodHandles.cpp, line 1146]
Event: 0.857 Thread 0x000000000037d800 Exception <a 'java/lang/NoSuchFieldError': method resolution failed> (0x00000000eb5b62c8) thrown at [D:\re\puppet\workspace\8-2-build-windows-amd64-cygwin\jdk8u73\6086\hotspot\src\share\vm\prims\methodHandles.cpp, line 1146]
Event: 1.023 Thread 0x000000000037d800 Exception <a 'java/io/FileNotFoundException'> (0x00000000eb64b0d0) thrown at [D:\re\puppet\workspace\8-2-build-windows-amd64-cygwin\jdk8u73\6086\hotspot\src\share\vm\prims\jni.cpp, line 709]
Event: 1.131 Thread 0x000000000037d800 Implicit null exception at 0x00000000026c3692 to 0x00000000026c3859

Events (10 events):
Event: 195.618 Thread 0x0000000056cdd800 DEOPT PACKING pc=0x00000000026dd7d8 sp=0x0000000057a7a630
Event: 195.618 Thread 0x0000000056cdd800 DEOPT UNPACKING pc=0x000000000259582a sp=0x0000000057a7a5c0 mode 2
Event: 195.625 loading class java/awt/Window$1DisposeAction
Event: 195.625 loading class java/awt/Window$1DisposeAction done
Event: 196.847 Thread 0x00000000590ac800 Thread added: 0x00000000590ac800
Event: 196.848 Thread 0x00000000590ad800 Thread added: 0x00000000590ad800
Event: 196.848 Thread 0x00000000590ac800 Thread exited: 0x00000000590ac800
Event: 197.185 Thread 0x0000000056c77000 Thread exited: 0x0000000056c77000
Event: 197.278 Thread 0x00000000590ad800 Thread exited: 0x00000000590ad800
Event: 197.278 Executing VM operation: Exit


Dynamic libraries:
0x000000013fbc0000 - 0x000000013fbf7000 	C:\Program Files\Java\jre1.8.0_73\bin\javaw.exe
0x0000000077880000 - 0x0000000077a2b000 	C:\Windows\SYSTEM32\ntdll.dll
0x0000000077660000 - 0x000000007777f000 	C:\Windows\system32\kernel32.dll
0x000007fefd930000 - 0x000007fefd99b000 	C:\Windows\system32\KERNELBASE.dll
0x000007feff450000 - 0x000007feff52b000 	C:\Windows\system32\ADVAPI32.dll
0x000007feff890000 - 0x000007feff92f000 	C:\Windows\system32\msvcrt.dll
0x000007fefe1f0000 - 0x000007fefe20f000 	C:\Windows\SYSTEM32\sechost.dll
0x000007feff760000 - 0x000007feff88e000 	C:\Windows\system32\RPCRT4.dll
0x0000000077780000 - 0x000000007787a000 	C:\Windows\system32\USER32.dll
0x000007fefe180000 - 0x000007fefe1e7000 	C:\Windows\system32\GDI32.dll
0x000007fefe660000 - 0x000007fefe66e000 	C:\Windows\system32\LPK.dll
0x000007fefdce0000 - 0x000007fefddaa000 	C:\Windows\system32\USP10.dll
0x000007fefc1f0000 - 0x000007fefc3e4000 	C:\Windows\WinSxS\amd64_microsoft.windows.common-controls_6595b64144ccf1df_6.0.7600.16385_none_fa645303170382f6\COMCTL32.dll
0x000007fefdbb0000 - 0x000007fefdc21000 	C:\Windows\system32\SHLWAPI.dll
0x000007fefdc30000 - 0x000007fefdc5e000 	C:\Windows\system32\IMM32.DLL
0x000007fefddb0000 - 0x000007fefdeb9000 	C:\Windows\system32\MSCTF.dll
0x00000000705d0000 - 0x00000000706a2000 	C:\Program Files\Java\jre1.8.0_73\bin\msvcr100.dll
0x00000000706b0000 - 0x0000000070f40000 	C:\Program Files\Java\jre1.8.0_73\bin\server\jvm.dll
0x000007fef4bc0000 - 0x000007fef4bc9000 	C:\Windows\system32\WSOCK32.dll
0x000007feff400000 - 0x000007feff44d000 	C:\Windows\system32\WS2_32.dll
0x000007fefe0d0000 - 0x000007fefe0d8000 	C:\Windows\system32\NSI.dll
0x000007fef57d0000 - 0x000007fef580b000 	C:\Windows\system32\WINMM.dll
0x000007fefc950000 - 0x000007fefc95c000 	C:\Windows\system32\VERSION.dll
0x0000000077a50000 - 0x0000000077a57000 	C:\Windows\system32\PSAPI.DLL
0x0000000071020000 - 0x000000007102f000 	C:\Program Files\Java\jre1.8.0_73\bin\verify.dll
0x00000000705a0000 - 0x00000000705c9000 	C:\Program Files\Java\jre1.8.0_73\bin\java.dll
0x0000000071000000 - 0x0000000071016000 	C:\Program Files\Java\jre1.8.0_73\bin\zip.dll
0x000007fefe670000 - 0x000007feff3f6000 	C:\Windows\system32\SHELL32.dll
0x000007feff530000 - 0x000007feff731000 	C:\Windows\system32\ole32.dll
0x000007fefd7e0000 - 0x000007fefd7ef000 	C:\Windows\system32\profapi.dll
0x0000000066120000 - 0x00000000662b8000 	C:\Program Files\Java\jre1.8.0_73\bin\awt.dll
0x000007fefdec0000 - 0x000007fefdf97000 	C:\Windows\system32\OLEAUT32.dll
0x000007fefb9c0000 - 0x000007fefb9d8000 	C:\Windows\system32\DWMAPI.DLL
0x000007fefbf80000 - 0x000007fefbfd6000 	C:\Windows\system32\uxtheme.dll
0x000007fefd6d0000 - 0x000007fefd6df000 	C:\Windows\system32\CRYPTBASE.dll
0x00000000660d0000 - 0x0000000066117000 	C:\Program Files\Java\jre1.8.0_73\bin\fontmanager.dll
0x000007fefe210000 - 0x000007fefe2a9000 	C:\Windows\system32\CLBCatQ.DLL
0x0000000066090000 - 0x00000000660c1000 	C:\Program Files\Java\jre1.8.0_73\bin\jpeg.dll
0x000000006a920000 - 0x000000006a93a000 	C:\Program Files\Java\jre1.8.0_73\bin\net.dll
0x000007fefd010000 - 0x000007fefd064000 	C:\Windows\system32\mswsock.dll
0x000007fefd000000 - 0x000007fefd007000 	C:\Windows\System32\wship6.dll
0x000000006a890000 - 0x000000006a8a1000 	C:\Program Files\Java\jre1.8.0_73\bin\nio.dll
0x0000000066040000 - 0x0000000066082000 	C:\Program Files\Java\jre1.8.0_73\bin\t2k.dll
0x0000000180000000 - 0x0000000180054000 	C:\Program Files\UniKey\UKHook40.dll
0x000007fef3f60000 - 0x000007fef4085000 	C:\Windows\system32\dbghelp.dll

VM Arguments:
jvm_args: -Dfile.encoding=UTF-8 
java_command: com.quangnn.main.Main
java_class_path (initial): C:\Users\quang\workspace\Tetris\bin
Launcher Type: SUN_STANDARD

Environment Variables:
JAVA_HOME=C:\Program Files\Java\jdk1.7.0_60
PATH=C:/Program Files/Java/jre1.8.0_73/bin/server;C:/Program Files/Java/jre1.8.0_73/bin;C:/Program Files/Java/jre1.8.0_73/lib/amd64;C:\ProgramData\Oracle\Java\javapath;C:\Windows\system32;C:\Windows;C:\Windows\System32\Wbem;C:\Windows\System32\WindowsPowerShell\v1.0\;C:\Program Files\Java\jdk1.7.0_79\bin;C:\Program Files (x86)\Skype\Phone\;C:\Program Files\Git\cmd;C:\Program Files\Java\jdk1.8.0_73\bin;C:\Program Files (x86)\Rational\common;C:\AppServ\Apache24\bin;C:\AppServ\php5;C:\AppServ\MySQL\bin;C:\Program Files (x86)\Dev-Cpp\MinGW64\bin;E:\T3H\eclipse;
USERNAME=quang
OS=Windows_NT
PROCESSOR_IDENTIFIER=Intel64 Family 6 Model 58 Stepping 9, GenuineIntel



---------------  S Y S T E M  ---------------

OS: Windows 7 , 64 bit Build 7600 (6.1.7600.16385)

CPU:total 4 (2 cores per cpu, 2 threads per core) family 6 model 58 stepping 9, cmov, cx8, fxsr, mmx, sse, sse2, sse3, ssse3, sse4.1, sse4.2, popcnt, aes, clmul, erms, ht, tsc, tscinvbit, tscinv

Memory: 4k page, physical 4077108k(1621764k free), swap 8152320k(4887248k free)

vm_info: Java HotSpot(TM) 64-Bit Server VM (25.73-b02) for windows-amd64 JRE (1.8.0_73-b02), built on Jan 29 2016 17:38:49 by "java_re" with MS VC++ 10.0 (VS2010)

time: Tue Apr 05 17:58:51 2016
elapsed time: 197 seconds (0d 0h 3m 17s)

