#
# A fatal error has been detected by the Java Runtime Environment:
#
#  EXCEPTION_ACCESS_VIOLATION (0xc0000005) at pc=0x0000000180007bed, pid=5604, tid=848
#
# JRE version: Java(TM) SE Runtime Environment (8.0_73-b02) (build 1.8.0_73-b02)
# Java VM: Java HotSpot(TM) 64-Bit Server VM (25.73-b02 mixed mode windows-amd64 compressed oops)
# Problematic frame:
# C  [UKHook40.dll+0x7bed]
#
# Failed to write core dump. Minidumps are not enabled by default on client versions of Windows
#
# If you would like to submit a bug report, please visit:
#   http://bugreport.java.com/bugreport/crash.jsp
#

---------------  T H R E A D  ---------------

Current thread (0x0000000054e7d800):  VMThread [stack: 0x0000000055e30000,0x0000000055f30000] [id=848]

siginfo: ExceptionCode=0xc0000005, reading address 0x0000000000000036

Registers:
RAX=0x9e3800000001c738, RBX=0x00000001800352c0, RCX=0x0000000000000036, RDX=0x0000000000000000
RSP=0x0000000055f2f870, RBP=0x0000000054d65500, RSI=0x00000000586c4e70, RDI=0x0000000180049c20
R8 =0x0000000055f2f868, R9 =0x0000000054d65500, R10=0x0000000000000000, R11=0x0000000000000286
R12=0x0000000000000001, R13=0x00000000586c4ed0, R14=0x00000000586c4e70, R15=0x0000000000000000
RIP=0x0000000180007bed, EFLAGS=0x0000000000010206

Top of Stack: (sp=0x0000000055f2f870)
0x0000000055f2f870:   0000000056ae6f40 0000000056ae6f50
0x0000000055f2f880:   0000000000000000 0000000000000000
0x0000000055f2f890:   fffffffffffffffe 0000000000000001
0x0000000055f2f8a0:   00000000586c4ec0 0000000180022b0e
0x0000000055f2f8b0:   0000000180049c20 00000001800352c0
0x0000000055f2f8c0:   00000000586c4e70 00000000778c021a
0x0000000055f2f8d0:   00000000586c4ec0 00000000586c4e70
0x0000000055f2f8e0:   00000000586c4e70 00000000586c4ed0
0x0000000055f2f8f0:   00000000779b3670 00000000779b8be0
0x0000000055f2f900:   000007fffffae000 0000000180000000
0x0000000055f2f910:   0000000000000001 000000018001b284
0x0000000055f2f920:   0000000000000001 0000000000000001
0x0000000055f2f930:   00008f2a00000001 00000000779b8be0
0x0000000055f2f940:   0000000000000000 000000018001b3de
0x0000000055f2f950:   0000000180000000 0000000000000000
0x0000000055f2f960:   0000000000000001 0000000066230000 

Instructions: (pc=0x0000000180007bed)
0x0000000180007bcd:   48 8b f9 48 8b 49 50 48 85 c9 74 0b 48 8b 01 ba
0x0000000180007bdd:   01 00 00 00 ff 50 28 48 8b 4f 60 48 85 c9 74 0b
0x0000000180007bed:   48 8b 01 ba 01 00 00 00 ff 50 28 48 8b 4f 68 48
0x0000000180007bfd:   85 c9 74 0b 48 8b 01 ba 01 00 00 00 ff 50 28 48 


Register to memory mapping:

RAX=0x9e3800000001c738 is an unknown value
RBX=0x00000001800352c0 is an unknown value
RCX=0x0000000000000036 is an unknown value
RDX=0x0000000000000000 is an unknown value
RSP=0x0000000055f2f870 is an unknown value
RBP=0x0000000054d65500 is an unknown value
RSI=0x00000000586c4e70 is an unknown value
RDI=0x0000000180049c20 is an unknown value
R8 =0x0000000055f2f868 is an unknown value
R9 =0x0000000054d65500 is an unknown value
R10=0x0000000000000000 is an unknown value
R11=0x0000000000000286 is an unknown value
R12=0x0000000000000001 is an unknown value
R13=0x00000000586c4ed0 is an unknown value
R14=0x00000000586c4e70 is an unknown value
R15=0x0000000000000000 is an unknown value


Stack: [0x0000000055e30000,0x0000000055f30000],  sp=0x0000000055f2f870,  free space=1022k
Native frames: (J=compiled Java code, j=interpreted, Vv=VM code, C=native code)
C  [UKHook40.dll+0x7bed]
C  [UKHook40.dll+0x22b0e]
C  [UKHook40.dll+0x1b284]
C  [UKHook40.dll+0x1b3de]
C  [ntdll.dll+0x23801]
C  [ntdll.dll+0x23610]
C  [msvcr100.dll+0x20ccd]
V  [jvm.dll+0x210bc5]
V  [jvm.dll+0x2498d7]
V  [jvm.dll+0x248b76]
V  [jvm.dll+0x249011]
V  [jvm.dll+0x24922e]
V  [jvm.dll+0x29a10a]
C  [msvcr100.dll+0x21d9f]
C  [msvcr100.dll+0x21e3b]
C  [kernel32.dll+0x1f56d]
C  [ntdll.dll+0x33281]

VM_Operation (0x000000005723cd40): Exit, mode: safepoint, requested by thread 0x0000000056b55800


---------------  P R O C E S S  ---------------

Java Threads: ( => current thread )
  0x0000000058998000 JavaThread "TimerQueue" daemon [_thread_blocked, id=3500, stack(0x0000000058560000,0x0000000058660000)]
  0x0000000001d4d800 JavaThread "DestroyJavaVM" [_thread_blocked, id=2476, stack(0x0000000002430000,0x0000000002530000)]
  0x0000000056b55800 JavaThread "AWT-EventQueue-0" [_thread_blocked, id=4864, stack(0x0000000057140000,0x0000000057240000)]
  0x0000000056af7000 JavaThread "AWT-Shutdown" [_thread_blocked, id=808, stack(0x0000000057240000,0x0000000057340000)]
  0x0000000056af6000 JavaThread "Java2D Disposer" daemon [_thread_blocked, id=5856, stack(0x0000000056f10000,0x0000000057010000)]
  0x000000005681b000 JavaThread "Service Thread" daemon [_thread_blocked, id=5056, stack(0x00000000563d0000,0x00000000564d0000)]
  0x0000000056791800 JavaThread "C1 CompilerThread2" daemon [_thread_blocked, id=2508, stack(0x0000000056dc0000,0x0000000056ec0000)]
  0x0000000056790800 JavaThread "C2 CompilerThread1" daemon [_thread_blocked, id=5724, stack(0x0000000056b90000,0x0000000056c90000)]
  0x0000000054ee3800 JavaThread "C2 CompilerThread0" daemon [_thread_blocked, id=4212, stack(0x0000000056690000,0x0000000056790000)]
  0x0000000054eef800 JavaThread "Attach Listener" daemon [_thread_blocked, id=3464, stack(0x0000000056520000,0x0000000056620000)]
  0x0000000054eee000 JavaThread "Signal Dispatcher" daemon [_thread_blocked, id=3808, stack(0x00000000561c0000,0x00000000562c0000)]
  0x0000000054e8a000 JavaThread "Finalizer" daemon [_thread_blocked, id=5332, stack(0x00000000562c0000,0x00000000563c0000)]
  0x0000000054e83000 JavaThread "Reference Handler" daemon [_thread_blocked, id=5880, stack(0x0000000056020000,0x0000000056120000)]

Other Threads:
=>0x0000000054e7d800 VMThread [stack: 0x0000000055e30000,0x0000000055f30000] [id=848]

VM state:at safepoint (shutting down)

VM Mutex/Monitor currently owned by a thread:  ([mutex/lock_event])
[0x0000000001d4be80] Threads_lock - owner thread: 0x0000000054e7d800

Heap:
 PSYoungGen      total 18944K, used 12066K [0x00000000eb400000, 0x00000000ec900000, 0x0000000100000000)
  eden space 16384K, 73% used [0x00000000eb400000,0x00000000ebfc89b8,0x00000000ec400000)
  from space 2560K, 0% used [0x00000000ec680000,0x00000000ec680000,0x00000000ec900000)
  to   space 2560K, 0% used [0x00000000ec400000,0x00000000ec400000,0x00000000ec680000)
 ParOldGen       total 44032K, used 0K [0x00000000c1c00000, 0x00000000c4700000, 0x00000000eb400000)
  object space 44032K, 0% used [0x00000000c1c00000,0x00000000c1c00000,0x00000000c4700000)
 Metaspace       used 10314K, capacity 10452K, committed 10624K, reserved 1058816K
  class space    used 1260K, capacity 1322K, committed 1408K, reserved 1048576K

Card table byte_map: [0x0000000011bc0000,0x0000000011dc0000] byte_map_base: 0x00000000115b2000

Marking Bits: (ParMarkBitMap*) 0x0000000070ec0600
 Begin Bits: [0x00000000123d0000, 0x0000000013360000)
 End Bits:   [0x0000000013360000, 0x00000000142f0000)

Polling page: 0x0000000000420000

CodeCache: size=245760Kb used=4189Kb max_used=4194Kb free=241570Kb
 bounds [0x0000000002800000, 0x0000000002c20000, 0x0000000011800000]
 total_blobs=1581 nmethods=1117 adapters=377
 compilation: enabled

Compilation events (10 events):
Event: 195.372 Thread 0x0000000056790800 1125       4       java.util.ArrayList$Itr::hasNext (20 bytes)
Event: 195.373 Thread 0x0000000056790800 nmethod 1125 0x0000000002bdb1d0 code [0x0000000002bdb300, 0x0000000002bdb378]
Event: 195.420 Thread 0x0000000056791800 1126       3       java.util.WeakHashMap::maskNull (12 bytes)
Event: 195.420 Thread 0x0000000056791800 nmethod 1126 0x0000000002c167d0 code [0x0000000002c16920, 0x0000000002c16ab0]
Event: 195.420 Thread 0x0000000056791800 1127       3       java.util.WeakHashMap::hash (28 bytes)
Event: 195.421 Thread 0x0000000056791800 nmethod 1127 0x0000000002c16350 code [0x0000000002c164c0, 0x0000000002c16708]
Event: 195.556 Thread 0x0000000056791800 1128   !   3       sun.awt.AWTAutoShutdown::getPeer (43 bytes)
Event: 195.557 Thread 0x0000000056791800 nmethod 1128 0x0000000002c15a50 code [0x0000000002c15be0, 0x0000000002c16128]
Event: 195.572 Thread 0x0000000056791800 1129   !   3       java.awt.Container::findComponentAt (42 bytes)
Event: 195.573 Thread 0x0000000056791800 nmethod 1129 0x0000000002c1a7d0 code [0x0000000002c1a960, 0x0000000002c1af58]

GC Heap History (0 events):
No events

Deoptimization events (8 events):
Event: 0.803 Thread 0x0000000001d4d800 Uncommon trap: reason=null_check action=make_not_entrant pc=0x000000000296ff28 method=java.lang.String.equals(Ljava/lang/Object;)Z @ 8
Event: 174.243 Thread 0x0000000056af7800 Uncommon trap: reason=unstable_if action=reinterpret pc=0x0000000002ba5460 method=sun.awt.SunToolkit.getAppContext(Ljava/lang/Object;)Lsun/awt/AppContext; @ 4
Event: 174.306 Thread 0x0000000056b55800 Uncommon trap: reason=unstable_if action=reinterpret pc=0x000000000297d680 method=java.util.IdentityHashMap.isEmpty()Z @ 4
Event: 182.317 Thread 0x0000000056b55800 Uncommon trap: reason=class_check action=maybe_recompile pc=0x0000000002989b98 method=java.lang.String.equals(Ljava/lang/Object;)Z @ 8
Event: 182.317 Thread 0x0000000056b55800 Uncommon trap: reason=class_check action=maybe_recompile pc=0x0000000002989b98 method=java.lang.String.equals(Ljava/lang/Object;)Z @ 8
Event: 182.317 Thread 0x0000000056b55800 Uncommon trap: reason=class_check action=maybe_recompile pc=0x0000000002989b98 method=java.lang.String.equals(Ljava/lang/Object;)Z @ 8
Event: 189.696 Thread 0x0000000056b55800 Uncommon trap: reason=unstable_if action=reinterpret pc=0x0000000002bec9b8 method=java.awt.EventQueue.postEvent(Ljava/awt/AWTEvent;I)V @ 6
Event: 195.660 Thread 0x0000000056b55800 Uncommon trap: reason=unstable_if action=reinterpret pc=0x0000000002be1700 method=java.awt.Component.inside(II)Z @ 13

Internal exceptions (10 events):
Event: 0.148 Thread 0x0000000001d4d800 Exception <a 'java/lang/NoSuchMethodError': Method sun.misc.Unsafe.prefetchRead(Ljava/lang/Object;J)V name or signature does not match> (0x00000000eb40d660) thrown at [D:\re\puppet\workspace\8-2-build-windows-amd64-cygwin\jdk8u73\6086\hotspot\src\share\vm\DM©µ¸×?
Event: 0.371 Thread 0x0000000001d4d800 Exception <a 'java/security/PrivilegedActionException'> (0x00000000eb4d4ef0) thrown at [D:\re\puppet\workspace\8-2-build-windows-amd64-cygwin\jdk8u73\6086\hotspot\src\share\vm\prims\jvm.cpp, line 1386]
Event: 0.371 Thread 0x0000000001d4d800 Exception <a 'java/security/PrivilegedActionException'> (0x00000000eb4d5100) thrown at [D:\re\puppet\workspace\8-2-build-windows-amd64-cygwin\jdk8u73\6086\hotspot\src\share\vm\prims\jvm.cpp, line 1386]
Event: 0.374 Thread 0x0000000001d4d800 Exception <a 'java/security/PrivilegedActionException'> (0x00000000eb4d8ca8) thrown at [D:\re\puppet\workspace\8-2-build-windows-amd64-cygwin\jdk8u73\6086\hotspot\src\share\vm\prims\jvm.cpp, line 1386]
Event: 0.374 Thread 0x0000000001d4d800 Exception <a 'java/security/PrivilegedActionException'> (0x00000000eb4d8eb8) thrown at [D:\re\puppet\workspace\8-2-build-windows-amd64-cygwin\jdk8u73\6086\hotspot\src\share\vm\prims\jvm.cpp, line 1386]
Event: 0.444 Thread 0x0000000001d4d800 Exception <a 'java/io/FileNotFoundException'> (0x00000000eb4db380) thrown at [D:\re\puppet\workspace\8-2-build-windows-amd64-cygwin\jdk8u73\6086\hotspot\src\share\vm\prims\jni.cpp, line 709]
Event: 0.615 Thread 0x0000000001d4d800 Exception <a 'java/lang/NoSuchFieldError': method resolution failed> (0x00000000eb5fae40) thrown at [D:\re\puppet\workspace\8-2-build-windows-amd64-cygwin\jdk8u73\6086\hotspot\src\share\vm\prims\methodHandles.cpp, line 1146]
Event: 0.623 Thread 0x0000000001d4d800 Exception <a 'java/lang/NoSuchFieldError': method resolution failed> (0x00000000eb608210) thrown at [D:\re\puppet\workspace\8-2-build-windows-amd64-cygwin\jdk8u73\6086\hotspot\src\share\vm\prims\methodHandles.cpp, line 1146]
Event: 0.738 Thread 0x0000000001d4d800 Exception <a 'java/io/FileNotFoundException'> (0x00000000eb69d018) thrown at [D:\re\puppet\workspace\8-2-build-windows-amd64-cygwin\jdk8u73\6086\hotspot\src\share\vm\prims\jni.cpp, line 709]
Event: 0.803 Thread 0x0000000001d4d800 Implicit null exception at 0x000000000296fd52 to 0x000000000296ff19

Events (10 events):
Event: 189.696 Thread 0x0000000056b55800 DEOPT UNPACKING pc=0x000000000284582a sp=0x000000005723eaf8 mode 2
Event: 195.660 Thread 0x0000000056b55800 Uncommon trap: trap_request=0xffffff65 fr.pc=0x0000000002be1700
Event: 195.660 Thread 0x0000000056b55800 DEOPT PACKING pc=0x0000000002be1700 sp=0x000000005723cf20
Event: 195.660 Thread 0x0000000056b55800 DEOPT UNPACKING pc=0x000000000284582a sp=0x000000005723cdd8 mode 2
Event: 197.117 Thread 0x00000000567af800 Thread added: 0x00000000567af800
Event: 197.117 Thread 0x00000000567b0000 Thread added: 0x00000000567b0000
Event: 197.117 Thread 0x00000000567af800 Thread exited: 0x00000000567af800
Event: 197.142 Thread 0x0000000056af7800 Thread exited: 0x0000000056af7800
Event: 197.271 Thread 0x00000000567b0000 Thread exited: 0x00000000567b0000
Event: 197.287 Executing VM operation: Exit


Dynamic libraries:
0x000000013f310000 - 0x000000013f347000 	C:\Program Files\Java\jre1.8.0_73\bin\javaw.exe
0x0000000077880000 - 0x0000000077a2b000 	C:\Windows\SYSTEM32\ntdll.dll
0x0000000077660000 - 0x000000007777f000 	C:\Windows\system32\kernel32.dll
0x000007fefd930000 - 0x000007fefd99b000 	C:\Windows\system32\KERNELBASE.dll
0x000007feff450000 - 0x000007feff52b000 	C:\Windows\system32\ADVAPI32.dll
0x000007feff890000 - 0x000007feff92f000 	C:\Windows\system32\msvcrt.dll
0x000007fefe1f0000 - 0x000007fefe20f000 	C:\Windows\SYSTEM32\sechost.dll
0x000007feff760000 - 0x000007feff88e000 	C:\Windows\system32\RPCRT4.dll
0x0000000077780000 - 0x000000007787a000 	C:\Windows\system32\USER32.dll
0x000007fefe180000 - 0x000007fefe1e7000 	C:\Windows\system32\GDI32.dll
0x000007fefe660000 - 0x000007fefe66e000 	C:\Windows\system32\LPK.dll
0x000007fefdce0000 - 0x000007fefddaa000 	C:\Windows\system32\USP10.dll
0x000007fefc1f0000 - 0x000007fefc3e4000 	C:\Windows\WinSxS\amd64_microsoft.windows.common-controls_6595b64144ccf1df_6.0.7600.16385_none_fa645303170382f6\COMCTL32.dll
0x000007fefdbb0000 - 0x000007fefdc21000 	C:\Windows\system32\SHLWAPI.dll
0x000007fefdc30000 - 0x000007fefdc5e000 	C:\Windows\system32\IMM32.DLL
0x000007fefddb0000 - 0x000007fefdeb9000 	C:\Windows\system32\MSCTF.dll
0x00000000705d0000 - 0x00000000706a2000 	C:\Program Files\Java\jre1.8.0_73\bin\msvcr100.dll
0x00000000706b0000 - 0x0000000070f40000 	C:\Program Files\Java\jre1.8.0_73\bin\server\jvm.dll
0x000007fef4bc0000 - 0x000007fef4bc9000 	C:\Windows\system32\WSOCK32.dll
0x000007feff400000 - 0x000007feff44d000 	C:\Windows\system32\WS2_32.dll
0x000007fefe0d0000 - 0x000007fefe0d8000 	C:\Windows\system32\NSI.dll
0x000007fef57d0000 - 0x000007fef580b000 	C:\Windows\system32\WINMM.dll
0x000007fefc950000 - 0x000007fefc95c000 	C:\Windows\system32\VERSION.dll
0x0000000077a50000 - 0x0000000077a57000 	C:\Windows\system32\PSAPI.DLL
0x0000000071020000 - 0x000000007102f000 	C:\Program Files\Java\jre1.8.0_73\bin\verify.dll
0x00000000705a0000 - 0x00000000705c9000 	C:\Program Files\Java\jre1.8.0_73\bin\java.dll
0x0000000071000000 - 0x0000000071016000 	C:\Program Files\Java\jre1.8.0_73\bin\zip.dll
0x000007fefe670000 - 0x000007feff3f6000 	C:\Windows\system32\SHELL32.dll
0x000007feff530000 - 0x000007feff731000 	C:\Windows\system32\ole32.dll
0x000007fefd7e0000 - 0x000007fefd7ef000 	C:\Windows\system32\profapi.dll
0x0000000065f80000 - 0x0000000066118000 	C:\Program Files\Java\jre1.8.0_73\bin\awt.dll
0x000007fefdec0000 - 0x000007fefdf97000 	C:\Windows\system32\OLEAUT32.dll
0x000007fefb9c0000 - 0x000007fefb9d8000 	C:\Windows\system32\DWMAPI.DLL
0x000007fefbf80000 - 0x000007fefbfd6000 	C:\Windows\system32\uxtheme.dll
0x000007fefd6d0000 - 0x000007fefd6df000 	C:\Windows\system32\CRYPTBASE.dll
0x0000000066270000 - 0x00000000662b7000 	C:\Program Files\Java\jre1.8.0_73\bin\fontmanager.dll
0x000007fefe210000 - 0x000007fefe2a9000 	C:\Windows\system32\CLBCatQ.DLL
0x0000000180000000 - 0x0000000180054000 	C:\Program Files\UniKey\UKHook40.dll
0x0000000066230000 - 0x0000000066261000 	C:\Program Files\Java\jre1.8.0_73\bin\jpeg.dll
0x000000006a920000 - 0x000000006a93a000 	C:\Program Files\Java\jre1.8.0_73\bin\net.dll
0x000007fefd010000 - 0x000007fefd064000 	C:\Windows\system32\mswsock.dll
0x000007fefd000000 - 0x000007fefd007000 	C:\Windows\System32\wship6.dll
0x000000006a890000 - 0x000000006a8a1000 	C:\Program Files\Java\jre1.8.0_73\bin\nio.dll
0x00000000661e0000 - 0x0000000066222000 	C:\Program Files\Java\jre1.8.0_73\bin\t2k.dll
0x000007fef3f60000 - 0x000007fef4085000 	C:\Windows\system32\dbghelp.dll

VM Arguments:
jvm_args: -Dfile.encoding=UTF-8 
java_command: com.quangnn.main.Main
java_class_path (initial): C:\Users\quang\workspace\Tetris\bin
Launcher Type: SUN_STANDARD

Environment Variables:
JAVA_HOME=C:\Program Files\Java\jdk1.7.0_60
PATH=C:/Program Files/Java/jre1.8.0_73/bin/server;C:/Program Files/Java/jre1.8.0_73/bin;C:/Program Files/Java/jre1.8.0_73/lib/amd64;C:\ProgramData\Oracle\Java\javapath;C:\Windows\system32;C:\Windows;C:\Windows\System32\Wbem;C:\Windows\System32\WindowsPowerShell\v1.0\;C:\Program Files\Java\jdk1.7.0_79\bin;C:\Program Files (x86)\Skype\Phone\;C:\Program Files\Git\cmd;C:\Program Files\Java\jdk1.8.0_73\bin;C:\Program Files (x86)\Rational\common;C:\AppServ\Apache24\bin;C:\AppServ\php5;C:\AppServ\MySQL\bin;C:\Program Files (x86)\Dev-Cpp\MinGW64\bin;E:\T3H\eclipse;
USERNAME=quang
OS=Windows_NT
PROCESSOR_IDENTIFIER=Intel64 Family 6 Model 58 Stepping 9, GenuineIntel



---------------  S Y S T E M  ---------------

OS: Windows 7 , 64 bit Build 7600 (6.1.7600.16385)

CPU:total 4 (2 cores per cpu, 2 threads per core) family 6 model 58 stepping 9, cmov, cx8, fxsr, mmx, sse, sse2, sse3, ssse3, sse4.1, sse4.2, popcnt, aes, clmul, erms, ht, tsc, tscinvbit, tscinv

Memory: 4k page, physical 4077108k(1613564k free), swap 8152320k(4885068k free)

vm_info: Java HotSpot(TM) 64-Bit Server VM (25.73-b02) for windows-amd64 JRE (1.8.0_73-b02), built on Jan 29 2016 17:38:49 by "java_re" with MS VC++ 10.0 (VS2010)

time: Tue Apr 05 18:02:44 2016
elapsed time: 197 seconds (0d 0h 3m 17s)

